янв. 03, 2023 12:05:40 PM Task2 Sorting
INFO: [8, 8, 9, 9, 7, 5, 5, 8, 5, 2]
янв. 03, 2023 12:05:40 PM Task2 Sorting
INFO: [8, 8, 9, 9, 7, 5, 5, 8, 5, 2]
янв. 03, 2023 12:05:40 PM Task2 Sorting
INFO: [8, 8, 9, 9, 7, 5, 5, 8, 5, 2]
янв. 03, 2023 12:05:40 PM Task2 Sorting
INFO: [8, 8, 9, 9, 7, 5, 5, 8, 5, 2]
янв. 03, 2023 12:05:40 PM Task2 Sorting
INFO: [8, 8, 9, 9, 7, 5, 5, 8, 5, 2]
янв. 03, 2023 12:05:40 PM Task2 Sorting
INFO: [7, 8, 9, 9, 8, 5, 5, 8, 5, 2]
янв. 03, 2023 12:05:40 PM Task2 Sorting
INFO: [5, 8, 9, 9, 8, 7, 5, 8, 5, 2]
янв. 03, 2023 12:05:40 PM Task2 Sorting
INFO: [5, 8, 9, 9, 8, 7, 5, 8, 5, 2]
янв. 03, 2023 12:05:40 PM Task2 Sorting
INFO: [5, 8, 9, 9, 8, 7, 5, 8, 5, 2]
янв. 03, 2023 12:05:40 PM Task2 Sorting
INFO: [5, 8, 9, 9, 8, 7, 5, 8, 5, 2]
янв. 03, 2023 12:05:40 PM Task2 Sorting
INFO: [2, 8, 9, 9, 8, 7, 5, 8, 5, 5]
янв. 03, 2023 12:05:40 PM Task2 Sorting
INFO: [2, 8, 9, 9, 8, 7, 5, 8, 5, 5]
янв. 03, 2023 12:05:40 PM Task2 Sorting
INFO: [2, 8, 9, 9, 8, 7, 5, 8, 5, 5]
янв. 03, 2023 12:05:40 PM Task2 Sorting
INFO: [2, 8, 9, 9, 8, 7, 5, 8, 5, 5]
янв. 03, 2023 12:05:40 PM Task2 Sorting
INFO: [2, 8, 9, 9, 8, 7, 5, 8, 5, 5]
янв. 03, 2023 12:05:40 PM Task2 Sorting
INFO: [2, 7, 9, 9, 8, 8, 5, 8, 5, 5]
янв. 03, 2023 12:05:40 PM Task2 Sorting
INFO: [2, 5, 9, 9, 8, 8, 7, 8, 5, 5]
янв. 03, 2023 12:05:40 PM Task2 Sorting
INFO: [2, 5, 9, 9, 8, 8, 7, 8, 5, 5]
янв. 03, 2023 12:05:40 PM Task2 Sorting
INFO: [2, 5, 9, 9, 8, 8, 7, 8, 5, 5]
янв. 03, 2023 12:05:40 PM Task2 Sorting
INFO: [2, 5, 9, 9, 8, 8, 7, 8, 5, 5]
янв. 03, 2023 12:05:40 PM Task2 Sorting
INFO: [2, 5, 9, 9, 8, 8, 7, 8, 5, 5]
янв. 03, 2023 12:05:40 PM Task2 Sorting
INFO: [2, 5, 9, 9, 8, 8, 7, 8, 5, 5]
янв. 03, 2023 12:05:40 PM Task2 Sorting
INFO: [2, 5, 8, 9, 9, 8, 7, 8, 5, 5]
янв. 03, 2023 12:05:40 PM Task2 Sorting
INFO: [2, 5, 8, 9, 9, 8, 7, 8, 5, 5]
янв. 03, 2023 12:05:40 PM Task2 Sorting
INFO: [2, 5, 7, 9, 9, 8, 8, 8, 5, 5]
янв. 03, 2023 12:05:40 PM Task2 Sorting
INFO: [2, 5, 7, 9, 9, 8, 8, 8, 5, 5]
янв. 03, 2023 12:05:40 PM Task2 Sorting
INFO: [2, 5, 5, 9, 9, 8, 8, 8, 7, 5]
янв. 03, 2023 12:05:40 PM Task2 Sorting
INFO: [2, 5, 5, 9, 9, 8, 8, 8, 7, 5]
янв. 03, 2023 12:05:40 PM Task2 Sorting
INFO: [2, 5, 5, 9, 9, 8, 8, 8, 7, 5]
янв. 03, 2023 12:05:40 PM Task2 Sorting
INFO: [2, 5, 5, 9, 9, 8, 8, 8, 7, 5]
янв. 03, 2023 12:05:40 PM Task2 Sorting
INFO: [2, 5, 5, 8, 9, 9, 8, 8, 7, 5]
янв. 03, 2023 12:05:40 PM Task2 Sorting
INFO: [2, 5, 5, 8, 9, 9, 8, 8, 7, 5]
янв. 03, 2023 12:05:40 PM Task2 Sorting
INFO: [2, 5, 5, 8, 9, 9, 8, 8, 7, 5]
янв. 03, 2023 12:05:40 PM Task2 Sorting
INFO: [2, 5, 5, 7, 9, 9, 8, 8, 8, 5]
янв. 03, 2023 12:05:40 PM Task2 Sorting
INFO: [2, 5, 5, 5, 9, 9, 8, 8, 8, 7]
янв. 03, 2023 12:05:40 PM Task2 Sorting
INFO: [2, 5, 5, 5, 9, 9, 8, 8, 8, 7]
янв. 03, 2023 12:05:40 PM Task2 Sorting
INFO: [2, 5, 5, 5, 9, 9, 8, 8, 8, 7]
янв. 03, 2023 12:05:40 PM Task2 Sorting
INFO: [2, 5, 5, 5, 8, 9, 9, 8, 8, 7]
янв. 03, 2023 12:05:40 PM Task2 Sorting
INFO: [2, 5, 5, 5, 8, 9, 9, 8, 8, 7]
янв. 03, 2023 12:05:40 PM Task2 Sorting
INFO: [2, 5, 5, 5, 8, 9, 9, 8, 8, 7]
янв. 03, 2023 12:05:40 PM Task2 Sorting
INFO: [2, 5, 5, 5, 7, 9, 9, 8, 8, 8]
янв. 03, 2023 12:05:40 PM Task2 Sorting
INFO: [2, 5, 5, 5, 7, 9, 9, 8, 8, 8]
янв. 03, 2023 12:05:40 PM Task2 Sorting
INFO: [2, 5, 5, 5, 7, 9, 9, 8, 8, 8]
янв. 03, 2023 12:05:40 PM Task2 Sorting
INFO: [2, 5, 5, 5, 7, 8, 9, 9, 8, 8]
янв. 03, 2023 12:05:40 PM Task2 Sorting
INFO: [2, 5, 5, 5, 7, 8, 9, 9, 8, 8]
янв. 03, 2023 12:05:40 PM Task2 Sorting
INFO: [2, 5, 5, 5, 7, 8, 9, 9, 8, 8]
янв. 03, 2023 12:05:40 PM Task2 Sorting
INFO: [2, 5, 5, 5, 7, 8, 9, 9, 8, 8]
янв. 03, 2023 12:05:40 PM Task2 Sorting
INFO: [2, 5, 5, 5, 7, 8, 9, 9, 8, 8]
янв. 03, 2023 12:05:40 PM Task2 Sorting
INFO: [2, 5, 5, 5, 7, 8, 8, 9, 9, 8]
янв. 03, 2023 12:05:40 PM Task2 Sorting
INFO: [2, 5, 5, 5, 7, 8, 8, 9, 9, 8]
янв. 03, 2023 12:05:40 PM Task2 Sorting
INFO: [2, 5, 5, 5, 7, 8, 8, 9, 9, 8]
янв. 03, 2023 12:05:40 PM Task2 Sorting
INFO: [2, 5, 5, 5, 7, 8, 8, 9, 9, 8]
янв. 03, 2023 12:05:40 PM Task2 Sorting
INFO: [2, 5, 5, 5, 7, 8, 8, 8, 9, 9]
янв. 03, 2023 12:05:40 PM Task2 Sorting
INFO: [2, 5, 5, 5, 7, 8, 8, 8, 9, 9]
янв. 03, 2023 12:05:40 PM Task2 Sorting
INFO: [2, 5, 5, 5, 7, 8, 8, 8, 9, 9]
янв. 03, 2023 12:05:40 PM Task2 Sorting
INFO: [2, 5, 5, 5, 7, 8, 8, 8, 9, 9]
